[debug] [2021-12-06T20:39:53.662Z] ----------------------------------------------------------------------
[debug] [2021-12-06T20:39:53.663Z] Command:       /Users/dizzzm/.nvm/versions/node/v15.14.0/bin/node /Users/dizzzm/.nvm/versions/node/v15.14.0/bin/firebase deploy --only hosting
[debug] [2021-12-06T20:39:53.663Z] CLI Version:   9.23.0
[debug] [2021-12-06T20:39:53.663Z] Platform:      darwin
[debug] [2021-12-06T20:39:53.663Z] Node Version:  v15.14.0
[debug] [2021-12-06T20:39:53.666Z] Time:          Mon Dec 06 2021 22:39:53 GMT+0200 (Eastern European Standard Time)
[debug] [2021-12-06T20:39:53.666Z] ----------------------------------------------------------------------
[debug] 
[debug] [2021-12-06T20:39:53.693Z] > command requires scopes: ["email","openid","https://www.googleapis.com/auth/cloudplatformprojects.readonly","https://www.googleapis.com/auth/firebase","https://www.googleapis.com/auth/cloud-platform"]
[debug] [2021-12-06T20:39:53.693Z] > authorizing via signed-in user (jeklor.v.2003@gmail.com)
[debug] [2021-12-06T20:39:53.693Z] [iam] checking project lab3-8bea9 for permissions ["firebase.projects.get","firebasehosting.sites.update"]
[debug] [2021-12-06T20:39:53.694Z] > refreshing access token with scopes: ["email","https://www.googleapis.com/auth/cloud-platform","https://www.googleapis.com/auth/cloudplatformprojects.readonly","https://www.googleapis.com/auth/firebase","openid"]
[debug] [2021-12-06T20:39:53.694Z] >>> HTTP REQUEST POST https://www.googleapis.com/oauth2/v3/token  
 <request body omitted>
[debug] [2021-12-06T20:41:01.548Z] <<< HTTP RESPONSE 200 {"expires":"Mon, 01 Jan 1990 00:00:00 GMT","cache-control":"no-cache, no-store, max-age=0, must-revalidate","pragma":"no-cache","date":"Mon, 06 Dec 2021 20:41:01 GMT","content-type":"application/json; charset=utf-8","vary":"X-Origin, Referer, Origin,Accept-Encoding","server":"scaffolding on HTTPServer2","x-xss-protection":"0","x-frame-options":"SAMEORIGIN","x-content-type-options":"nosniff","alt-svc":"h3=\":443\"; ma=2592000,h3-29=\":443\"; ma=2592000,h3-Q050=\":443\"; ma=2592000,h3-Q046=\":443\"; ma=2592000,h3-Q043=\":443\"; ma=2592000,quic=\":443\"; ma=2592000; v=\"46,43\"","accept-ranges":"none","transfer-encoding":"chunked"}
[debug] [2021-12-06T20:41:01.598Z] >>> HTTP REQUEST POST https://cloudresourcemanager.googleapis.com/v1/projects/lab3-8bea9:testIamPermissions  
 {"permissions":["firebase.projects.get","firebasehosting.sites.update"]}
[debug] [2021-12-06T20:41:02.907Z] <<< HTTP RESPONSE 200 {"content-type":"application/json; charset=UTF-8","vary":"X-Origin, Referer, Origin,Accept-Encoding","date":"Mon, 06 Dec 2021 20:41:02 GMT","server":"ESF","cache-control":"private","x-xss-protection":"0","x-frame-options":"SAMEORIGIN","x-content-type-options":"nosniff","server-timing":"gfet4t7; dur=764","alt-svc":"h3=\":443\"; ma=2592000,h3-29=\":443\"; ma=2592000,h3-Q050=\":443\"; ma=2592000,h3-Q046=\":443\"; ma=2592000,h3-Q043=\":443\"; ma=2592000,quic=\":443\"; ma=2592000; v=\"46,43\"","accept-ranges":"none","transfer-encoding":"chunked"}
[debug] [2021-12-06T20:41:02.911Z] > refreshing access token with scopes: []
[debug] [2021-12-06T20:41:02.912Z] >>> HTTP REQUEST POST https://www.googleapis.com/oauth2/v3/token  
 <request body omitted>
